<?xml version="1.0" encoding="UTF-8"?>
<testsuites name="TestSuite1" time="24" tests="3" failures="1" errors="0">
   <testsuite name="TestSuite1" tests="3" failures="1" errors="0" time="24" timestamp="2019-02-08 12:45:19" hostname="TH-Seema - DESKTOP-3ARNFU0" id="Test Suites/TestSuite1">
      <properties>
         <property name="deviceName" value=""/>
         <property name="devicePlatform" value=""/>
         <property name="logFolder" value="C:\\Users\\TH-Seema\\Katalon Studio\\API testing\\API Demo Project 1\\Reports\\TestSuite1\\20190208_124510"/>
         <property name="logFiles" value="C:\\Users\\TH-Seema\\Katalon Studio\\API testing\\API Demo Project 1\\Reports\\TestSuite1\\20190208_124510\\execution0.log"/>
         <property name="attachments" value=""/>
         <property name="hostName" value="TH-Seema - DESKTOP-3ARNFU0"/>
         <property name="hostAddress" value="192.168.0.101"/>
         <property name="os" value="Windows 10 64bit"/>
         <property name="katalonVersion" value="5.10.1.1"/>
      </properties>
      <testcase name="Test Cases/calculator Test/Addition" classname="Test Cases/calculator Test/Addition" status="PASSED">
         <system-out><![CDATA[2019-02-08 12:45:20 - [TEST_CASE][PASSED] - Test Cases/calculator Test/Addition: Test Cases/calculator Test/Addition

2019-02-08 12:45:21 - [TEST_STEP][PASSED] - sendRequest(findTestObject("calculator SoAp service/Addition")): Send request successfully

2019-02-08 12:45:28 - [MESSAGE][INFO] - HAR: C:\Users\TH-Seema\Katalon Studio\API testing\API Demo Project 1\Reports\TestSuite1\20190208_124510\requests\main\0.har

2019-02-08 12:45:28 - [MESSAGE][PASSED] - Send request successfully

2019-02-08 12:45:28 - [TEST_STEP][PASSED] - response = sendRequestAndVerify(findTestObject("calculator SoAp service/Addition")): Send request and verify the response successfully

2019-02-08 12:45:30 - [TEST_CASE][PASSED] - Start Test Case : Verification: Verification accomplished successfully

2019-02-08 12:45:30 - [TEST_STEP][PASSED] - request = getInstance().getCurrentRequest(): null

2019-02-08 12:45:30 - [TEST_STEP][PASSED] - response = getInstance().getCurrentResponse(): null

2019-02-08 12:45:30 - [TEST_STEP][PASSED] - verifyResponseStatusCode(response, 200): Verify response status code successfully

2019-02-08 12:45:30 - [MESSAGE][PASSED] - Verify response status code successfully

2019-02-08 12:45:30 - [TEST_STEP][PASSED] - getStatusCode()).isEqualTo(200): null

2019-02-08 12:45:30 - [TEST_STEP][PASSED] - getResponseText()).contains("AddResult"): null

2019-02-08 12:45:31 - [MESSAGE][PASSED] - Verify response successfully

2019-02-08 12:45:31 - [MESSAGE][PASSED] - Send request and verify the response successfully

2019-02-08 12:45:31 - [TEST_STEP][PASSED] - verifyElementPropertyValue(response, "AddResponse.AddResult", "8"): Verify element property value successfully

2019-02-08 12:45:32 - [MESSAGE][PASSED] - Verify element property value successfully]]></system-out>
         <system-err><![CDATA[]]></system-err>
      </testcase>
      <testcase name="Test Cases/getbank details" classname="Test Cases/getbank details" status="FAILED">
         <failure type="FAILED" message="Test Cases/getbank details FAILED.
Reason:
com.kms.katalon.core.exception.StepFailedException: Unable to send request (Root cause: java.lang.IllegalArgumentException: Request object is null)
	at com.kms.katalon.core.keyword.internal.KeywordMain.stepFailed(KeywordMain.groovy:36)
	at com.kms.katalon.core.keyword.internal.KeywordMain.stepFailed(KeywordMain.groovy)
	at com.kms.katalon.core.keyword.internal.KeywordMain.runKeyword(KeywordMain.groovy:56)
	at com.kms.katalon.core.webservice.keyword.builtin.SendRequestKeyword.sendRequest(SendRequestKeyword.groovy:48)
	at com.kms.katalon.core.webservice.keyword.builtin.SendRequestKeyword.execute(SendRequestKeyword.groovy:43)
	at com.kms.katalon.core.keyword.internal.KeywordExecutor.executeKeywordForPlatform(KeywordExecutor.groovy:53)
	at com.kms.katalon.core.webservice.keyword.WSBuiltInKeywords.sendRequest(WSBuiltInKeywords.groovy:40)
	at com.kms.katalon.core.webservice.keyword.WSBuiltInKeywords$sendRequest.call(Unknown Source)
	at getbank details.run(getbank details:18)
	at com.kms.katalon.core.main.ScriptEngine.run(ScriptEngine.java:194)
	at com.kms.katalon.core.main.ScriptEngine.runScriptAsRawText(ScriptEngine.java:119)
	at com.kms.katalon.core.main.TestCaseExecutor.runScript(TestCaseExecutor.java:328)
	at com.kms.katalon.core.main.TestCaseExecutor.doExecute(TestCaseExecutor.java:319)
	at com.kms.katalon.core.main.TestCaseExecutor.processExecutionPhase(TestCaseExecutor.java:298)
	at com.kms.katalon.core.main.TestCaseExecutor.accessMainPhase(TestCaseExecutor.java:290)
	at com.kms.katalon.core.main.TestCaseExecutor.execute(TestCaseExecutor.java:224)
	at com.kms.katalon.core.main.TestSuiteExecutor.accessTestCaseMainPhase(TestSuiteExecutor.java:129)
	at com.kms.katalon.core.main.TestSuiteExecutor.accessTestSuiteMainPhase(TestSuiteExecutor.java:112)
	at com.kms.katalon.core.main.TestSuiteExecutor.execute(TestSuiteExecutor.java:81)
	at com.kms.katalon.core.main.TestCaseMain.startTestSuite(TestCaseMain.java:149)
	at com.kms.katalon.core.main.TestCaseMain$startTestSuite$0.call(Unknown Source)
	at TempTestSuite1549610110283.run(TempTestSuite1549610110283.groovy:36)
"/>
         <system-out><![CDATA[2019-02-08 12:45:32 - [TEST_CASE][FAILED] - Test Cases/getbank details: Test Cases/getbank details FAILED.
Reason:
com.kms.katalon.core.exception.StepFailedException: Unable to send request (Root cause: java.lang.IllegalArgumentException: Request object is null)
	at com.kms.katalon.core.keyword.internal.KeywordMain.stepFailed(KeywordMain.groovy:36)
	at com.kms.katalon.core.keyword.internal.KeywordMain.stepFailed(KeywordMain.groovy)
	at com.kms.katalon.core.keyword.internal.KeywordMain.runKeyword(KeywordMain.groovy:56)
	at com.kms.katalon.core.webservice.keyword.builtin.SendRequestKeyword.sendRequest(SendRequestKeyword.groovy:48)
	at com.kms.katalon.core.webservice.keyword.builtin.SendRequestKeyword.execute(SendRequestKeyword.groovy:43)
	at com.kms.katalon.core.keyword.internal.KeywordExecutor.executeKeywordForPlatform(KeywordExecutor.groovy:53)
	at com.kms.katalon.core.webservice.keyword.WSBuiltInKeywords.sendRequest(WSBuiltInKeywords.groovy:40)
	at com.kms.katalon.core.webservice.keyword.WSBuiltInKeywords$sendRequest.call(Unknown Source)
	at getbank details.run(getbank details:18)
	at com.kms.katalon.core.main.ScriptEngine.run(ScriptEngine.java:194)
	at com.kms.katalon.core.main.ScriptEngine.runScriptAsRawText(ScriptEngine.java:119)
	at com.kms.katalon.core.main.TestCaseExecutor.runScript(TestCaseExecutor.java:328)
	at com.kms.katalon.core.main.TestCaseExecutor.doExecute(TestCaseExecutor.java:319)
	at com.kms.katalon.core.main.TestCaseExecutor.processExecutionPhase(TestCaseExecutor.java:298)
	at com.kms.katalon.core.main.TestCaseExecutor.accessMainPhase(TestCaseExecutor.java:290)
	at com.kms.katalon.core.main.TestCaseExecutor.execute(TestCaseExecutor.java:224)
	at com.kms.katalon.core.main.TestSuiteExecutor.accessTestCaseMainPhase(TestSuiteExecutor.java:129)
	at com.kms.katalon.core.main.TestSuiteExecutor.accessTestSuiteMainPhase(TestSuiteExecutor.java:112)
	at com.kms.katalon.core.main.TestSuiteExecutor.execute(TestSuiteExecutor.java:81)
	at com.kms.katalon.core.main.TestCaseMain.startTestSuite(TestCaseMain.java:149)
	at com.kms.katalon.core.main.TestCaseMain$startTestSuite$0.call(Unknown Source)
	at TempTestSuite1549610110283.run(TempTestSuite1549610110283.groovy:36)


2019-02-08 12:45:32 - [TEST_STEP][PASSED] - sendRequest(findTestObject("SOAP/getBank")): Send request successfully

2019-02-08 12:45:33 - [MESSAGE][INFO] - HAR: C:\Users\TH-Seema\Katalon Studio\API testing\API Demo Project 1\Reports\TestSuite1\20190208_124510\requests\main\1.har

2019-02-08 12:45:33 - [MESSAGE][PASSED] - Send request successfully

2019-02-08 12:45:33 - [TEST_STEP][FAILED] - sendRequest(findTestObject(null)): sendRequest(findTestObject(null)) FAILED.
Reason:
com.kms.katalon.core.exception.StepFailedException: Unable to send request (Root cause: java.lang.IllegalArgumentException: Request object is null)
	at com.kms.katalon.core.keyword.internal.KeywordMain.stepFailed(KeywordMain.groovy:36)
	at com.kms.katalon.core.keyword.internal.KeywordMain.stepFailed(KeywordMain.groovy)
	at com.kms.katalon.core.keyword.internal.KeywordMain.runKeyword(KeywordMain.groovy:56)
	at com.kms.katalon.core.webservice.keyword.builtin.SendRequestKeyword.sendRequest(SendRequestKeyword.groovy:48)
	at com.kms.katalon.core.webservice.keyword.builtin.SendRequestKeyword.execute(SendRequestKeyword.groovy:43)
	at com.kms.katalon.core.keyword.internal.KeywordExecutor.executeKeywordForPlatform(KeywordExecutor.groovy:53)
	at com.kms.katalon.core.webservice.keyword.WSBuiltInKeywords.sendRequest(WSBuiltInKeywords.groovy:40)
	at com.kms.katalon.core.webservice.keyword.WSBuiltInKeywords$sendRequest.call(Unknown Source)
	at getbank details.run(getbank details:18)
	at com.kms.katalon.core.main.ScriptEngine.run(ScriptEngine.java:194)
	at com.kms.katalon.core.main.ScriptEngine.runScriptAsRawText(ScriptEngine.java:119)
	at com.kms.katalon.core.main.TestCaseExecutor.runScript(TestCaseExecutor.java:328)
	at com.kms.katalon.core.main.TestCaseExecutor.doExecute(TestCaseExecutor.java:319)
	at com.kms.katalon.core.main.TestCaseExecutor.processExecutionPhase(TestCaseExecutor.java:298)
	at com.kms.katalon.core.main.TestCaseExecutor.accessMainPhase(TestCaseExecutor.java:290)
	at com.kms.katalon.core.main.TestCaseExecutor.execute(TestCaseExecutor.java:224)
	at com.kms.katalon.core.main.TestSuiteExecutor.accessTestCaseMainPhase(TestSuiteExecutor.java:129)
	at com.kms.katalon.core.main.TestSuiteExecutor.accessTestSuiteMainPhase(TestSuiteExecutor.java:112)
	at com.kms.katalon.core.main.TestSuiteExecutor.execute(TestSuiteExecutor.java:81)
	at com.kms.katalon.core.main.TestCaseMain.startTestSuite(TestCaseMain.java:149)
	at com.kms.katalon.core.main.TestCaseMain$startTestSuite$0.call(Unknown Source)
	at TempTestSuite1549610110283.run(TempTestSuite1549610110283.groovy:36)


2019-02-08 12:45:33 - [MESSAGE][WARNING] - Test object id is null

2019-02-08 12:45:33 - [MESSAGE][FAILED] - Unable to send request (Root cause: java.lang.IllegalArgumentException: Request object is null)

2019-02-08 12:45:33 - [MESSAGE][FAILED] - sendRequest(findTestObject(null)) FAILED.
Reason:
com.kms.katalon.core.exception.StepFailedException: Unable to send request (Root cause: java.lang.IllegalArgumentException: Request object is null)
	at com.kms.katalon.core.keyword.internal.KeywordMain.stepFailed(KeywordMain.groovy:36)
	at com.kms.katalon.core.keyword.internal.KeywordMain.stepFailed(KeywordMain.groovy)
	at com.kms.katalon.core.keyword.internal.KeywordMain.runKeyword(KeywordMain.groovy:56)
	at com.kms.katalon.core.webservice.keyword.builtin.SendRequestKeyword.sendRequest(SendRequestKeyword.groovy:48)
	at com.kms.katalon.core.webservice.keyword.builtin.SendRequestKeyword.execute(SendRequestKeyword.groovy:43)
	at com.kms.katalon.core.keyword.internal.KeywordExecutor.executeKeywordForPlatform(KeywordExecutor.groovy:53)
	at com.kms.katalon.core.webservice.keyword.WSBuiltInKeywords.sendRequest(WSBuiltInKeywords.groovy:40)
	at com.kms.katalon.core.webservice.keyword.WSBuiltInKeywords$sendRequest.call(Unknown Source)
	at getbank details.run(getbank details:18)
	at com.kms.katalon.core.main.ScriptEngine.run(ScriptEngine.java:194)
	at com.kms.katalon.core.main.ScriptEngine.runScriptAsRawText(ScriptEngine.java:119)
	at com.kms.katalon.core.main.TestCaseExecutor.runScript(TestCaseExecutor.java:328)
	at com.kms.katalon.core.main.TestCaseExecutor.doExecute(TestCaseExecutor.java:319)
	at com.kms.katalon.core.main.TestCaseExecutor.processExecutionPhase(TestCaseExecutor.java:298)
	at com.kms.katalon.core.main.TestCaseExecutor.accessMainPhase(TestCaseExecutor.java:290)
	at com.kms.katalon.core.main.TestCaseExecutor.execute(TestCaseExecutor.java:224)
	at com.kms.katalon.core.main.TestSuiteExecutor.accessTestCaseMainPhase(TestSuiteExecutor.java:129)
	at com.kms.katalon.core.main.TestSuiteExecutor.accessTestSuiteMainPhase(TestSuiteExecutor.java:112)
	at com.kms.katalon.core.main.TestSuiteExecutor.execute(TestSuiteExecutor.java:81)
	at com.kms.katalon.core.main.TestCaseMain.startTestSuite(TestCaseMain.java:149)
	at com.kms.katalon.core.main.TestCaseMain$startTestSuite$0.call(Unknown Source)
	at TempTestSuite1549610110283.run(TempTestSuite1549610110283.groovy:36)]]></system-out>
         <system-err><![CDATA[2019-02-08 12:45:32 - [TEST_CASE][FAILED] - Test Cases/getbank details: Test Cases/getbank details FAILED.
Reason:
com.kms.katalon.core.exception.StepFailedException: Unable to send request (Root cause: java.lang.IllegalArgumentException: Request object is null)
	at com.kms.katalon.core.keyword.internal.KeywordMain.stepFailed(KeywordMain.groovy:36)
	at com.kms.katalon.core.keyword.internal.KeywordMain.stepFailed(KeywordMain.groovy)
	at com.kms.katalon.core.keyword.internal.KeywordMain.runKeyword(KeywordMain.groovy:56)
	at com.kms.katalon.core.webservice.keyword.builtin.SendRequestKeyword.sendRequest(SendRequestKeyword.groovy:48)
	at com.kms.katalon.core.webservice.keyword.builtin.SendRequestKeyword.execute(SendRequestKeyword.groovy:43)
	at com.kms.katalon.core.keyword.internal.KeywordExecutor.executeKeywordForPlatform(KeywordExecutor.groovy:53)
	at com.kms.katalon.core.webservice.keyword.WSBuiltInKeywords.sendRequest(WSBuiltInKeywords.groovy:40)
	at com.kms.katalon.core.webservice.keyword.WSBuiltInKeywords$sendRequest.call(Unknown Source)
	at getbank details.run(getbank details:18)
	at com.kms.katalon.core.main.ScriptEngine.run(ScriptEngine.java:194)
	at com.kms.katalon.core.main.ScriptEngine.runScriptAsRawText(ScriptEngine.java:119)
	at com.kms.katalon.core.main.TestCaseExecutor.runScript(TestCaseExecutor.java:328)
	at com.kms.katalon.core.main.TestCaseExecutor.doExecute(TestCaseExecutor.java:319)
	at com.kms.katalon.core.main.TestCaseExecutor.processExecutionPhase(TestCaseExecutor.java:298)
	at com.kms.katalon.core.main.TestCaseExecutor.accessMainPhase(TestCaseExecutor.java:290)
	at com.kms.katalon.core.main.TestCaseExecutor.execute(TestCaseExecutor.java:224)
	at com.kms.katalon.core.main.TestSuiteExecutor.accessTestCaseMainPhase(TestSuiteExecutor.java:129)
	at com.kms.katalon.core.main.TestSuiteExecutor.accessTestSuiteMainPhase(TestSuiteExecutor.java:112)
	at com.kms.katalon.core.main.TestSuiteExecutor.execute(TestSuiteExecutor.java:81)
	at com.kms.katalon.core.main.TestCaseMain.startTestSuite(TestCaseMain.java:149)
	at com.kms.katalon.core.main.TestCaseMain$startTestSuite$0.call(Unknown Source)
	at TempTestSuite1549610110283.run(TempTestSuite1549610110283.groovy:36)]]></system-err>
      </testcase>
      <testcase name="Test Cases/ListUserscases" classname="Test Cases/ListUserscases" status="PASSED">
         <system-out><![CDATA[2019-02-08 12:45:33 - [TEST_CASE][PASSED] - Test Cases/ListUserscases: Test Cases/ListUserscases

2019-02-08 12:45:34 - [TEST_STEP][PASSED] - sendRequest(findTestObject("Users REST service/List Users")): Send request successfully

2019-02-08 12:45:37 - [MESSAGE][INFO] - HAR: C:\Users\TH-Seema\Katalon Studio\API testing\API Demo Project 1\Reports\TestSuite1\20190208_124510\requests\main\2.har

2019-02-08 12:45:37 - [MESSAGE][PASSED] - Send request successfully

2019-02-08 12:45:37 - [TEST_STEP][PASSED] - response = sendRequestAndVerify(findTestObject("Users REST service/List Users")): Send request and verify the response successfully

2019-02-08 12:45:37 - [TEST_CASE][PASSED] - Start Test Case : Verification: Verification accomplished successfully

2019-02-08 12:45:38 - [TEST_STEP][PASSED] - request = getInstance().getCurrentRequest(): null

2019-02-08 12:45:38 - [TEST_STEP][PASSED] - response = getInstance().getCurrentResponse(): null

2019-02-08 12:45:38 - [TEST_STEP][PASSED] - verifyResponseStatusCode(response, 200): Verify response status code successfully

2019-02-08 12:45:38 - [MESSAGE][PASSED] - Verify response status code successfully

2019-02-08 12:45:38 - [TEST_STEP][PASSED] - getStatusCode()).isEqualTo(200): null

2019-02-08 12:45:38 - [TEST_STEP][PASSED] - verifyElementPropertyValue(response, "data[1].first_name", "Charles"): Verify element property value successfully

2019-02-08 12:45:38 - [MESSAGE][PASSED] - Verify element property value successfully

2019-02-08 12:45:38 - [MESSAGE][PASSED] - Verify response successfully

2019-02-08 12:45:38 - [MESSAGE][PASSED] - Send request and verify the response successfully

2019-02-08 12:45:38 - [TEST_STEP][PASSED] - verifyElementPropertyValue(response, "data[1].first_name", "Charles"): Verify element property value successfully

2019-02-08 12:45:38 - [MESSAGE][PASSED] - Verify element property value successfully

2019-02-08 12:45:38 - [TEST_STEP][PASSED] - verifyElementPropertyValue(response, "data[2].id", "6"): Verify element property value successfully

2019-02-08 12:45:38 - [MESSAGE][PASSED] - Verify element property value successfully

2019-02-08 12:45:38 - [TEST_STEP][PASSED] - verifyElementsCount(response, "data", 3): Verify element count successfully

2019-02-08 12:45:38 - [MESSAGE][PASSED] - Verify element count successfully

2019-02-08 12:45:38 - [TEST_STEP][PASSED] - verifyResponseStatusCodeInRange(response, 100, 200): Verify response status code successfully

2019-02-08 12:45:38 - [MESSAGE][PASSED] - Verify response status code successfully]]></system-out>
         <system-err><![CDATA[]]></system-err>
      </testcase>
      <testcase name="Test Cases/TestHTTP Methods" classname="Test Cases/TestHTTP Methods" status="PASSED">
         <system-out><![CDATA[2019-02-08 12:45:38 - [TEST_CASE][PASSED] - Test Cases/TestHTTP Methods: Test Cases/TestHTTP Methods

2019-02-08 12:45:38 - [TEST_STEP][PASSED] - sendRequestAndVerify(findTestObject("Users REST service/Create users")): Send request and verify the response successfully

2019-02-08 12:45:39 - [TEST_CASE][PASSED] - Start Test Case : Verification: Verification accomplished successfully

2019-02-08 12:45:40 - [TEST_STEP][PASSED] - request = getInstance().getCurrentRequest(): null

2019-02-08 12:45:40 - [TEST_STEP][PASSED] - response = getInstance().getCurrentResponse(): null

2019-02-08 12:45:40 - [TEST_STEP][PASSED] - verifyResponseStatusCode(response, 201): Verify response status code successfully

2019-02-08 12:45:40 - [MESSAGE][PASSED] - Verify response status code successfully

2019-02-08 12:45:40 - [TEST_STEP][PASSED] - getStatusCode()).isEqualTo(201): null

2019-02-08 12:45:40 - [MESSAGE][PASSED] - Verify response successfully

2019-02-08 12:45:40 - [MESSAGE][PASSED] - Send request and verify the response successfully

2019-02-08 12:45:40 - [TEST_STEP][PASSED] - sendRequestAndVerify(findTestObject("Users REST service/deleteUsers")): Send request and verify the response successfully

2019-02-08 12:45:40 - [TEST_CASE][PASSED] - Start Test Case : Verification: Verification accomplished successfully

2019-02-08 12:45:41 - [TEST_STEP][PASSED] - request = getInstance().getCurrentRequest(): null

2019-02-08 12:45:41 - [TEST_STEP][PASSED] - response = getInstance().getCurrentResponse(): null

2019-02-08 12:45:41 - [TEST_STEP][PASSED] - verifyResponseStatusCode(response, 204): Verify response status code successfully

2019-02-08 12:45:41 - [MESSAGE][PASSED] - Verify response status code successfully

2019-02-08 12:45:41 - [TEST_STEP][PASSED] - getStatusCode()).isEqualTo(204): null

2019-02-08 12:45:41 - [MESSAGE][PASSED] - Verify response successfully

2019-02-08 12:45:41 - [MESSAGE][PASSED] - Send request and verify the response successfully

2019-02-08 12:45:41 - [TEST_STEP][PASSED] - sendRequestAndVerify(findTestObject("Users REST service/List Users")): Send request and verify the response successfully

2019-02-08 12:45:41 - [TEST_CASE][PASSED] - Start Test Case : Verification: Verification accomplished successfully

2019-02-08 12:45:42 - [TEST_STEP][PASSED] - request = getInstance().getCurrentRequest(): null

2019-02-08 12:45:42 - [TEST_STEP][PASSED] - response = getInstance().getCurrentResponse(): null

2019-02-08 12:45:42 - [TEST_STEP][PASSED] - verifyResponseStatusCode(response, 200): Verify response status code successfully

2019-02-08 12:45:42 - [MESSAGE][PASSED] - Verify response status code successfully

2019-02-08 12:45:42 - [TEST_STEP][PASSED] - getStatusCode()).isEqualTo(200): null

2019-02-08 12:45:42 - [TEST_STEP][PASSED] - verifyElementPropertyValue(response, "data[1].first_name", "Charles"): Verify element property value successfully

2019-02-08 12:45:42 - [MESSAGE][PASSED] - Verify element property value successfully

2019-02-08 12:45:42 - [MESSAGE][PASSED] - Verify response successfully

2019-02-08 12:45:42 - [MESSAGE][PASSED] - Send request and verify the response successfully

2019-02-08 12:45:42 - [TEST_STEP][PASSED] - sendRequestAndVerify(findTestObject("Users REST service/Update users")): Send request and verify the response successfully

2019-02-08 12:45:43 - [TEST_CASE][PASSED] - Start Test Case : Verification: Verification accomplished successfully

2019-02-08 12:45:43 - [TEST_STEP][PASSED] - request = getInstance().getCurrentRequest(): null

2019-02-08 12:45:43 - [TEST_STEP][PASSED] - response = getInstance().getCurrentResponse(): null

2019-02-08 12:45:43 - [TEST_STEP][PASSED] - verifyResponseStatusCode(response, 200): Verify response status code successfully

2019-02-08 12:45:43 - [MESSAGE][PASSED] - Verify response status code successfully

2019-02-08 12:45:43 - [TEST_STEP][PASSED] - getStatusCode()).isEqualTo(200): null

2019-02-08 12:45:43 - [MESSAGE][PASSED] - Verify response successfully

2019-02-08 12:45:43 - [MESSAGE][PASSED] - Send request and verify the response successfully]]></system-out>
         <system-err><![CDATA[]]></system-err>
      </testcase>
      <system-out><![CDATA[2019-02-08 12:45:19 - [TEST_SUITE][FAILED] - TestSuite1: Test Cases/getbank details FAILED.
Reason:
com.kms.katalon.core.exception.StepFailedException: Unable to send request (Root cause: java.lang.IllegalArgumentException: Request object is null)
	at com.kms.katalon.core.keyword.internal.KeywordMain.stepFailed(KeywordMain.groovy:36)
	at com.kms.katalon.core.keyword.internal.KeywordMain.stepFailed(KeywordMain.groovy)
	at com.kms.katalon.core.keyword.internal.KeywordMain.runKeyword(KeywordMain.groovy:56)
	at com.kms.katalon.core.webservice.keyword.builtin.SendRequestKeyword.sendRequest(SendRequestKeyword.groovy:48)
	at com.kms.katalon.core.webservice.keyword.builtin.SendRequestKeyword.execute(SendRequestKeyword.groovy:43)
	at com.kms.katalon.core.keyword.internal.KeywordExecutor.executeKeywordForPlatform(KeywordExecutor.groovy:53)
	at com.kms.katalon.core.webservice.keyword.WSBuiltInKeywords.sendRequest(WSBuiltInKeywords.groovy:40)
	at com.kms.katalon.core.webservice.keyword.WSBuiltInKeywords$sendRequest.call(Unknown Source)
	at getbank details.run(getbank details:18)
	at com.kms.katalon.core.main.ScriptEngine.run(ScriptEngine.java:194)
	at com.kms.katalon.core.main.ScriptEngine.runScriptAsRawText(ScriptEngine.java:119)
	at com.kms.katalon.core.main.TestCaseExecutor.runScript(TestCaseExecutor.java:328)
	at com.kms.katalon.core.main.TestCaseExecutor.doExecute(TestCaseExecutor.java:319)
	at com.kms.katalon.core.main.TestCaseExecutor.processExecutionPhase(TestCaseExecutor.java:298)
	at com.kms.katalon.core.main.TestCaseExecutor.accessMainPhase(TestCaseExecutor.java:290)
	at com.kms.katalon.core.main.TestCaseExecutor.execute(TestCaseExecutor.java:224)
	at com.kms.katalon.core.main.TestSuiteExecutor.accessTestCaseMainPhase(TestSuiteExecutor.java:129)
	at com.kms.katalon.core.main.TestSuiteExecutor.accessTestSuiteMainPhase(TestSuiteExecutor.java:112)
	at com.kms.katalon.core.main.TestSuiteExecutor.execute(TestSuiteExecutor.java:81)
	at com.kms.katalon.core.main.TestCaseMain.startTestSuite(TestCaseMain.java:149)
	at com.kms.katalon.core.main.TestCaseMain$startTestSuite$0.call(Unknown Source)
	at TempTestSuite1549610110283.run(TempTestSuite1549610110283.groovy:36)]]></system-out>
      <system-err><![CDATA[2019-02-08 12:45:19 - [TEST_SUITE][FAILED] - TestSuite1: Test Cases/getbank details FAILED.
Reason:
com.kms.katalon.core.exception.StepFailedException: Unable to send request (Root cause: java.lang.IllegalArgumentException: Request object is null)
	at com.kms.katalon.core.keyword.internal.KeywordMain.stepFailed(KeywordMain.groovy:36)
	at com.kms.katalon.core.keyword.internal.KeywordMain.stepFailed(KeywordMain.groovy)
	at com.kms.katalon.core.keyword.internal.KeywordMain.runKeyword(KeywordMain.groovy:56)
	at com.kms.katalon.core.webservice.keyword.builtin.SendRequestKeyword.sendRequest(SendRequestKeyword.groovy:48)
	at com.kms.katalon.core.webservice.keyword.builtin.SendRequestKeyword.execute(SendRequestKeyword.groovy:43)
	at com.kms.katalon.core.keyword.internal.KeywordExecutor.executeKeywordForPlatform(KeywordExecutor.groovy:53)
	at com.kms.katalon.core.webservice.keyword.WSBuiltInKeywords.sendRequest(WSBuiltInKeywords.groovy:40)
	at com.kms.katalon.core.webservice.keyword.WSBuiltInKeywords$sendRequest.call(Unknown Source)
	at getbank details.run(getbank details:18)
	at com.kms.katalon.core.main.ScriptEngine.run(ScriptEngine.java:194)
	at com.kms.katalon.core.main.ScriptEngine.runScriptAsRawText(ScriptEngine.java:119)
	at com.kms.katalon.core.main.TestCaseExecutor.runScript(TestCaseExecutor.java:328)
	at com.kms.katalon.core.main.TestCaseExecutor.doExecute(TestCaseExecutor.java:319)
	at com.kms.katalon.core.main.TestCaseExecutor.processExecutionPhase(TestCaseExecutor.java:298)
	at com.kms.katalon.core.main.TestCaseExecutor.accessMainPhase(TestCaseExecutor.java:290)
	at com.kms.katalon.core.main.TestCaseExecutor.execute(TestCaseExecutor.java:224)
	at com.kms.katalon.core.main.TestSuiteExecutor.accessTestCaseMainPhase(TestSuiteExecutor.java:129)
	at com.kms.katalon.core.main.TestSuiteExecutor.accessTestSuiteMainPhase(TestSuiteExecutor.java:112)
	at com.kms.katalon.core.main.TestSuiteExecutor.execute(TestSuiteExecutor.java:81)
	at com.kms.katalon.core.main.TestCaseMain.startTestSuite(TestCaseMain.java:149)
	at com.kms.katalon.core.main.TestCaseMain$startTestSuite$0.call(Unknown Source)
	at TempTestSuite1549610110283.run(TempTestSuite1549610110283.groovy:36)]]></system-err>
   </testsuite>
</testsuites>
